<?xml version='1.0' encoding='UTF-8'?>
<testsuite hostname="GBNRWML6Q4GRF2" name="fileSearcher.MatcherTest" tests="6" errors="0" failures="0" skipped="0" time="1.382" timestamp="2019-07-17T11:02:46">
                     <properties>
[...]
</properties>
                     <testcase classname="fileSearcher.MatcherTest" name="Matcher that is passed a file matching the filter should return a list with that file name" time="0.065">
                                                 
                                               </testcase><testcase classname="fileSearcher.MatcherTest" name="Matcher using a directory containing one file matching the filter should return a list with that file name" time="0.036">
                                                 
                                               </testcase><testcase classname="fileSearcher.MatcherTest" name="Matcher that is not passed a root file location should use the current location" time="0.001">
                                                 
                                               </testcase><testcase classname="fileSearcher.MatcherTest" name="Matcher with sub folder checking matching a root location with two subtree files matching should return a list with those file names" time="0.002">
                                                 
                                               </testcase><testcase classname="fileSearcher.MatcherTest" name="Matcher given a path that has one file that matches file filter and content filter should return a list with that file name" time="0.708">
                                                 
                                               </testcase><testcase classname="fileSearcher.MatcherTest" name="Matcher given a path that has no file that matches file filter and content filter should return an empty list" time="0.57">
                                                 
                                               </testcase>
                     <system-out><![CDATA[]]></system-out>
                     <system-err><![CDATA[]]></system-err>
                   </testsuite>